[ 2025-11-25 20:28:47,029 ] 75 uvicorn.error - INFO - Started server process [19204]
[ 2025-11-25 20:28:47,030 ] 47 uvicorn.error - INFO - Waiting for application startup.
[ 2025-11-25 20:28:47,031 ] 94 uvicorn.error - INFO - ASGI 'lifespan' protocol appears unsupported.
[ 2025-11-25 20:28:47,032 ] 61 uvicorn.error - INFO - Application startup complete.
[ 2025-11-25 20:28:47,890 ] 409 uvicorn.error - ERROR - Exception in ASGI application
Traceback (most recent call last):
  File "F:\Global_Envs\global_env\Lib\site-packages\uvicorn\protocols\http\httptools_impl.py", line 404, in run_asgi
    result = await app(  # type: ignore[func-returns-value]
             ^^^^^^^^^^^^^^^^^^^^^^^^^^^^^^^^^^^^^^^^^^^^^^
        self.scope, self.receive, self.send
        ^^^^^^^^^^^^^^^^^^^^^^^^^^^^^^^^^^^
    )
    ^
  File "F:\Global_Envs\global_env\Lib\site-packages\uvicorn\middleware\proxy_headers.py", line 78, in __call__
    return await self.app(scope, receive, send)
           ^^^^^^^^^^^^^^^^^^^^^^^^^^^^^^^^^^^^
  File "F:\Global_Envs\global_env\Lib\site-packages\uvicorn\middleware\asgi2.py", line 19, in __call__
    instance = self.app(scope)
TypeError: Flask.__call__() missing 1 required positional argument: 'start_response'
[ 2025-11-25 20:28:48,154 ] 409 uvicorn.error - ERROR - Exception in ASGI application
Traceback (most recent call last):
  File "F:\Global_Envs\global_env\Lib\site-packages\uvicorn\protocols\http\httptools_impl.py", line 404, in run_asgi
    result = await app(  # type: ignore[func-returns-value]
             ^^^^^^^^^^^^^^^^^^^^^^^^^^^^^^^^^^^^^^^^^^^^^^
        self.scope, self.receive, self.send
        ^^^^^^^^^^^^^^^^^^^^^^^^^^^^^^^^^^^
    )
    ^
  File "F:\Global_Envs\global_env\Lib\site-packages\uvicorn\middleware\proxy_headers.py", line 78, in __call__
    return await self.app(scope, receive, send)
           ^^^^^^^^^^^^^^^^^^^^^^^^^^^^^^^^^^^^
  File "F:\Global_Envs\global_env\Lib\site-packages\uvicorn\middleware\asgi2.py", line 19, in __call__
    instance = self.app(scope)
TypeError: Flask.__call__() missing 1 required positional argument: 'start_response'
